> Task :app:preBuild UP-TO-DATE
> Task :app:preDebugBuild UP-TO-DATE
> Task :app:mergeDebugNativeDebugMetadata NO-SOURCE
> Task :app:checkKotlinGradlePluginConfigurationErrors
> Task :app:checkDebugAarMetadata UP-TO-DATE
> Task :app:generateDebugResValues UP-TO-DATE
> Task :app:mapDebugSourceSetPaths UP-TO-DATE
> Task :app:generateDebugResources UP-TO-DATE
> Task :app:mergeDebugResources UP-TO-DATE
> Task :app:packageDebugResources UP-TO-DATE
> Task :app:parseDebugLocalResources UP-TO-DATE
> Task :app:createDebugCompatibleScreenManifests UP-TO-DATE
> Task :app:extractDeepLinksDebug UP-TO-DATE
> Task :app:processDebugMainManifest UP-TO-DATE
> Task :app:processDebugManifest UP-TO-DATE
> Task :app:processDebugManifestForPackage UP-TO-DATE
> Task :app:processDebugResources UP-TO-DATE
> Task :app:javaPreCompileDebug UP-TO-DATE
> Task :app:mergeDebugShaders UP-TO-DATE
> Task :app:compileDebugShaders NO-SOURCE
> Task :app:generateDebugAssets UP-TO-DATE
> Task :app:mergeDebugAssets UP-TO-DATE
> Task :app:compressDebugAssets UP-TO-DATE
> Task :app:checkDebugDuplicateClasses UP-TO-DATE
> Task :app:desugarDebugFileDependencies UP-TO-DATE
> Task :app:mergeExtDexDebug UP-TO-DATE
> Task :app:mergeLibDexDebug UP-TO-DATE
> Task :app:mergeDebugJniLibFolders UP-TO-DATE
> Task :app:mergeDebugNativeLibs NO-SOURCE
> Task :app:stripDebugDebugSymbols NO-SOURCE
> Task :app:validateSigningDebug UP-TO-DATE
> Task :app:writeDebugAppMetadata UP-TO-DATE
> Task :app:writeDebugSigningConfigVersions UP-TO-DATE

> Task :app:compileDebugKotlin
e: file:///C:/Hank/Other/project/realbot/app/src/main/java/com/hank/clawlive/engine/ClawRenderer.kt:246:9 Expecting member declaration
e: file:///C:/Hank/Other/project/realbot/app/src/main/java/com/hank/clawlive/engine/ClawRenderer.kt:246:18 Expecting member declaration
e: file:///C:/Hank/Other/project/realbot/app/src/main/java/com/hank/clawlive/engine/ClawRenderer.kt:246:19 Expecting member declaration
e: file:///C:/Hank/Other/project/realbot/app/src/main/java/com/hank/clawlive/engine/ClawRenderer.kt:246:25 Expecting member declaration
e: file:///C:/Hank/Other/project/realbot/app/src/main/java/com/hank/clawlive/engine/ClawRenderer.kt:246:27 Expecting member declaration
e: file:///C:/Hank/Other/project/realbot/app/src/main/java/com/hank/clawlive/engine/ClawRenderer.kt:246:30 Expecting member declaration
e: file:///C:/Hank/Other/project/realbot/app/src/main/java/com/hank/clawlive/engine/ClawRenderer.kt:246:31 Expecting member declaration
e: file:///C:/Hank/Other/project/realbot/app/src/main/java/com/hank/clawlive/engine/ClawRenderer.kt:246:40 Expecting member declaration
e: file:///C:/Hank/Other/project/realbot/app/src/main/java/com/hank/clawlive/engine/ClawRenderer.kt:246:42 Expecting member declaration
e: file:///C:/Hank/Other/project/realbot/app/src/main/java/com/hank/clawlive/engine/ClawRenderer.kt:246:47 Expecting member declaration
e: file:///C:/Hank/Other/project/realbot/app/src/main/java/com/hank/clawlive/engine/ClawRenderer.kt:246:48 Expecting member declaration
e: file:///C:/Hank/Other/project/realbot/app/src/main/java/com/hank/clawlive/engine/ClawRenderer.kt:246:53 Expecting member declaration
e: file:///C:/Hank/Other/project/realbot/app/src/main/java/com/hank/clawlive/engine/ClawRenderer.kt:246:58 Expecting member declaration
e: file:///C:/Hank/Other/project/realbot/app/src/main/java/com/hank/clawlive/engine/ClawRenderer.kt:246:63 Expecting member declaration
e: file:///C:/Hank/Other/project/realbot/app/src/main/java/com/hank/clawlive/engine/ClawRenderer.kt:246:64 Expecting member declaration
e: file:///C:/Hank/Other/project/realbot/app/src/main/java/com/hank/clawlive/engine/ClawRenderer.kt:248:9 Expecting member declaration
e: file:///C:/Hank/Other/project/realbot/app/src/main/java/com/hank/clawlive/engine/ClawRenderer.kt:248:13 Expecting member declaration
e: file:///C:/Hank/Other/project/realbot/app/src/main/java/com/hank/clawlive/engine/ClawRenderer.kt:248:14 Expecting member declaration
e: file:///C:/Hank/Other/project/realbot/app/src/main/java/com/hank/clawlive/engine/ClawRenderer.kt:248:22 Expecting member declaration
e: file:///C:/Hank/Other/project/realbot/app/src/main/java/com/hank/clawlive/engine/ClawRenderer.kt:248:27 Expecting member declaration
e: file:///C:/Hank/Other/project/realbot/app/src/main/java/com/hank/clawlive/engine/ClawRenderer.kt:248:29 Expecting member declaration
e: file:///C:/Hank/Other/project/realbot/app/src/main/java/com/hank/clawlive/engine/ClawRenderer.kt:254:9 Expecting member declaration
e: file:///C:/Hank/Other/project/realbot/app/src/main/java/com/hank/clawlive/engine/ClawRenderer.kt:254:12 Expecting member declaration
e: file:///C:/Hank/Other/project/realbot/app/src/main/java/com/hank/clawlive/engine/ClawRenderer.kt:254:13 Expecting member declaration
e: file:///C:/Hank/Other/project/realbot/app/src/main/java/com/hank/clawlive/engine/ClawRenderer.kt:254:19 Expecting member declaration
e: file:///C:/Hank/Other/project/realbot/app/src/main/java/com/hank/clawlive/engine/ClawRenderer.kt:254:20 Expecting member declaration
e: file:///C:/Hank/Other/project/realbot/app/src/main/java/com/hank/clawlive/engine/ClawRenderer.kt:254:26 Expecting member declaration
e: file:///C:/Hank/Other/project/realbot/app/src/main/java/com/hank/clawlive/engine/ClawRenderer.kt:254:29 Expecting member declaration
e: file:///C:/Hank/Other/project/realbot/app/src/main/java/com/hank/clawlive/engine/ClawRenderer.kt:254:43 Expecting member declaration
e: file:///C:/Hank/Other/project/realbot/app/src/main/java/com/hank/clawlive/engine/ClawRenderer.kt:254:44 Expecting member declaration
e: file:///C:/Hank/Other/project/realbot/app/src/main/java/com/hank/clawlive/engine/ClawRenderer.kt:254:53 Expecting member declaration
e: file:///C:/Hank/Other/project/realbot/app/src/main/java/com/hank/clawlive/engine/ClawRenderer.kt:254:56 Expecting member declaration
e: file:///C:/Hank/Other/project/realbot/app/src/main/java/com/hank/clawlive/engine/ClawRenderer.kt:254:57 Expecting member declaration
e: file:///C:/Hank/Other/project/realbot/app/src/main/java/com/hank/clawlive/engine/ClawRenderer.kt:254:66 Expecting member declaration
e: file:///C:/Hank/Other/project/realbot/app/src/main/java/com/hank/clawlive/engine/ClawRenderer.kt:254:68 Expecting member declaration
e: file:///C:/Hank/Other/project/realbot/app/src/main/java/com/hank/clawlive/engine/ClawRenderer.kt:260:1 Expecting a top level declaration
e: file:///C:/Hank/Other/project/realbot/app/src/main/java/com/hank/clawlive/engine/ClawRenderer.kt:242:41 Unresolved reference: status
e: file:///C:/Hank/Other/project/realbot/app/src/main/java/com/hank/clawlive/engine/ClawRenderer.kt:242:64 Unresolved reference: status
e: file:///C:/Hank/Other/project/realbot/app/src/main/java/com/hank/clawlive/engine/ClawRenderer.kt:242:84 Unresolved reference: status
e: file:///C:/Hank/Other/project/realbot/app/src/main/java/com/hank/clawlive/engine/ClawRenderer.kt:244:21 Unresolved reference: charY
e: file:///C:/Hank/Other/project/realbot/app/src/main/java/com/hank/clawlive/engine/ClawRenderer.kt:244:29 Unresolved reference: radius
e: file:///C:/Hank/Other/project/realbot/app/src/main/java/com/hank/clawlive/engine/ClawRenderer.kt:248:29 Conflicting overloads: public final fun `<no name provided>`(): Unit defined in com.hank.clawlive.engine.ClawRenderer, public final fun `<no name provided>`(): Unit defined in com.hank.clawlive.engine.ClawRenderer
e: file:///C:/Hank/Other/project/realbot/app/src/main/java/com/hank/clawlive/engine/ClawRenderer.kt:248:29 Function declaration must have a name
e: file:///C:/Hank/Other/project/realbot/app/src/main/java/com/hank/clawlive/engine/ClawRenderer.kt:249:13 Unresolved reference: canvas
e: file:///C:/Hank/Other/project/realbot/app/src/main/java/com/hank/clawlive/engine/ClawRenderer.kt:249:29 Unresolved reference: line
e: file:///C:/Hank/Other/project/realbot/app/src/main/java/com/hank/clawlive/engine/ClawRenderer.kt:249:35 Unresolved reference: centerX
e: file:///C:/Hank/Other/project/realbot/app/src/main/java/com/hank/clawlive/engine/ClawRenderer.kt:250:44 Assignment operators ambiguity: 
public open fun `<Error function>`(): [Error type: Return type for function cannot be resolved] defined in root package
public open fun `<Error function>`(): [Error type: Return type for function cannot be resolved] defined in root package
e: file:///C:/Hank/Other/project/realbot/app/src/main/java/com/hank/clawlive/engine/ClawRenderer.kt:254:68 Conflicting overloads: public final fun `<no name provided>`(): Unit defined in com.hank.clawlive.engine.ClawRenderer, public final fun `<no name provided>`(): Unit defined in com.hank.clawlive.engine.ClawRenderer
e: file:///C:/Hank/Other/project/realbot/app/src/main/java/com/hank/clawlive/engine/ClawRenderer.kt:254:68 Function declaration must have a name
e: file:///C:/Hank/Other/project/realbot/app/src/main/java/com/hank/clawlive/engine/ClawRenderer.kt:256:13 Unresolved reference: canvas
e: file:///C:/Hank/Other/project/realbot/app/src/main/java/com/hank/clawlive/engine/ClawRenderer.kt:256:39 Unresolved reference: centerX
e: file:///C:/Hank/Other/project/realbot/app/src/main/java/com/hank/clawlive/engine/ClawRenderer.kt:256:49 Unresolved reference: radius
e: file:///C:/Hank/Other/project/realbot/app/src/main/java/com/hank/clawlive/engine/ClawRenderer.kt:256:57 Unresolved reference: charY
e: file:///C:/Hank/Other/project/realbot/app/src/main/java/com/hank/clawlive/engine/ClawRenderer.kt:256:65 Unresolved reference: radius

> Task :app:compileDebugKotlin FAILED

FAILURE: Build failed with an exception.

* What went wrong:
Execution failed for task ':app:compileDebugKotlin'.
> A failure occurred while executing org.jetbrains.kotlin.compilerRunner.GradleCompilerRunnerWithWorkers$GradleKotlinCompilerWorkAction
   > Compilation error. See log for more details

* Try:
> Run with --stacktrace option to get the stack trace.
> Run with --info or --debug option to get more log output.
> Run with --scan to get full insights.
> Get more help at https://help.gradle.org.

BUILD FAILED in 5s
27 actionable tasks: 2 executed, 25 up-to-date
